<?xml version="1.0" encoding="UTF-8" ?>
<testsuite failures="0" time="4.696" errors="0" skipped="0" tests="1" name="com.fenhan.TestWebappSelenium">
  <properties>
    <property name="java.runtime.name" value="Java(TM) SE Runtime Environment"/>
    <property name="sun.boot.library.path" value="/System/Library/Java/JavaVirtualMachines/1.6.0.jdk/Contents/Libraries"/>
    <property name="java.vm.version" value="20.65-b04-462"/>
    <property name="awt.nativeDoubleBuffering" value="true"/>
    <property name="gopherProxySet" value="false"/>
    <property name="mrj.build" value="11M4609"/>
    <property name="java.vm.vendor" value="Apple Inc."/>
    <property name="java.vendor.url" value="http://www.apple.com/"/>
    <property name="path.separator" value=":"/>
    <property name="java.vm.name" value="Java HotSpot(TM) 64-Bit Server VM"/>
    <property name="file.encoding.pkg" value="sun.io"/>
    <property name="user.country" value="US"/>
    <property name="sun.java.launcher" value="SUN_STANDARD"/>
    <property name="sun.os.patch.level" value="unknown"/>
    <property name="java.vm.specification.name" value="Java Virtual Machine Specification"/>
    <property name="user.dir" value="/Users/fenhanwang/Desktop/AOL/cdetsf135id"/>
    <property name="java.runtime.version" value="1.6.0_65-b14-462-11M4609"/>
    <property name="java.awt.graphicsenv" value="apple.awt.CGraphicsEnvironment"/>
    <property name="basedir" value="/Users/fenhanwang/Desktop/AOL/cdetsf135id"/>
    <property name="java.endorsed.dirs" value="/System/Library/Java/JavaVirtualMachines/1.6.0.jdk/Contents/Home/lib/endorsed"/>
    <property name="os.arch" value="x86_64"/>
    <property name="surefire.real.class.path" value="/var/folders/pd/kvc9m3bn2bj7jxywcybznj880000gn/T/surefirebooter6849815754018302925.jar"/>
    <property name="java.io.tmpdir" value="/var/folders/pd/kvc9m3bn2bj7jxywcybznj880000gn/T/"/>
    <property name="line.separator" value="
"/>
    <property name="java.vm.specification.vendor" value="Sun Microsystems Inc."/>
    <property name="os.name" value="Mac OS X"/>
    <property name="sun.jnu.encoding" value="MacRoman"/>
    <property name="java.library.path" value=".:/Library/Java/Extensions:/System/Library/Java/Extensions:/usr/lib/java"/>
    <property name="surefire.test.class.path" value="/Users/fenhanwang/Desktop/AOL/cdetsf135id/target/test-classes:/Users/fenhanwang/Desktop/AOL/cdetsf135id/target/classes:/Users/fenhanwang/.m2/repository/javax/servlet/servlet-api/2.4/servlet-api-2.4.jar:/Users/fenhanwang/.m2/repository/javax/servlet/jsp/jsp-api/2.1/jsp-api-2.1.jar:/Users/fenhanwang/.m2/repository/junit/junit/3.8/junit-3.8.jar:/Users/fenhanwang/.m2/repository/org/eclipse/jetty/jetty-server/8.1.14.v20131031/jetty-server-8.1.14.v20131031.jar:/Users/fenhanwang/.m2/repository/org/eclipse/jetty/orbit/javax.servlet/3.0.0.v201112011016/javax.servlet-3.0.0.v201112011016.jar:/Users/fenhanwang/.m2/repository/org/eclipse/jetty/jetty-continuation/8.1.14.v20131031/jetty-continuation-8.1.14.v20131031.jar:/Users/fenhanwang/.m2/repository/org/eclipse/jetty/jetty-http/8.1.14.v20131031/jetty-http-8.1.14.v20131031.jar:/Users/fenhanwang/.m2/repository/org/eclipse/jetty/jetty-io/8.1.14.v20131031/jetty-io-8.1.14.v20131031.jar:/Users/fenhanwang/.m2/repository/org/eclipse/jetty/jetty-util/8.1.14.v20131031/jetty-util-8.1.14.v20131031.jar:/Users/fenhanwang/.m2/repository/org/apache/httpcomponents/httpclient/4.3.3/httpclient-4.3.3.jar:/Users/fenhanwang/.m2/repository/org/apache/httpcomponents/httpcore/4.3.2/httpcore-4.3.2.jar:/Users/fenhanwang/.m2/repository/commons-logging/commons-logging/1.1.3/commons-logging-1.1.3.jar:/Users/fenhanwang/.m2/repository/commons-codec/commons-codec/1.6/commons-codec-1.6.jar:/Users/fenhanwang/.m2/repository/org/apache/httpcomponents/httpmime/4.0.1/httpmime-4.0.1.jar:/Users/fenhanwang/.m2/repository/org/apache/james/apache-mime4j/0.6/apache-mime4j-0.6.jar:/Users/fenhanwang/.m2/repository/org/jsoup/jsoup/1.7.3/jsoup-1.7.3.jar:/Users/fenhanwang/.m2/repository/org/seleniumhq/selenium/selenium-java/2.41.0/selenium-java-2.41.0.jar:/Users/fenhanwang/.m2/repository/org/seleniumhq/selenium/selenium-chrome-driver/2.41.0/selenium-chrome-driver-2.41.0.jar:/Users/fenhanwang/.m2/repository/org/seleniumhq/selenium/selenium-remote-driver/2.41.0/selenium-remote-driver-2.41.0.jar:/Users/fenhanwang/.m2/repository/cglib/cglib-nodep/2.1_3/cglib-nodep-2.1_3.jar:/Users/fenhanwang/.m2/repository/org/json/json/20080701/json-20080701.jar:/Users/fenhanwang/.m2/repository/org/seleniumhq/selenium/selenium-api/2.41.0/selenium-api-2.41.0.jar:/Users/fenhanwang/.m2/repository/com/google/guava/guava/15.0/guava-15.0.jar:/Users/fenhanwang/.m2/repository/org/apache/commons/commons-exec/1.1/commons-exec-1.1.jar:/Users/fenhanwang/.m2/repository/net/java/dev/jna/jna/3.4.0/jna-3.4.0.jar:/Users/fenhanwang/.m2/repository/net/java/dev/jna/platform/3.4.0/platform-3.4.0.jar:/Users/fenhanwang/.m2/repository/org/seleniumhq/selenium/selenium-htmlunit-driver/2.41.0/selenium-htmlunit-driver-2.41.0.jar:/Users/fenhanwang/.m2/repository/net/sourceforge/htmlunit/htmlunit/2.13/htmlunit-2.13.jar:/Users/fenhanwang/.m2/repository/xalan/xalan/2.7.1/xalan-2.7.1.jar:/Users/fenhanwang/.m2/repository/xalan/serializer/2.7.1/serializer-2.7.1.jar:/Users/fenhanwang/.m2/repository/xml-apis/xml-apis/1.4.01/xml-apis-1.4.01.jar:/Users/fenhanwang/.m2/repository/commons-collections/commons-collections/3.2.1/commons-collections-3.2.1.jar:/Users/fenhanwang/.m2/repository/org/apache/commons/commons-lang3/3.1/commons-lang3-3.1.jar:/Users/fenhanwang/.m2/repository/net/sourceforge/htmlunit/htmlunit-core-js/2.13/htmlunit-core-js-2.13.jar:/Users/fenhanwang/.m2/repository/xerces/xercesImpl/2.11.0/xercesImpl-2.11.0.jar:/Users/fenhanwang/.m2/repository/net/sourceforge/nekohtml/nekohtml/1.9.19/nekohtml-1.9.19.jar:/Users/fenhanwang/.m2/repository/net/sourceforge/cssparser/cssparser/0.9.11/cssparser-0.9.11.jar:/Users/fenhanwang/.m2/repository/org/w3c/css/sac/1.3/sac-1.3.jar:/Users/fenhanwang/.m2/repository/commons-io/commons-io/2.2/commons-io-2.2.jar:/Users/fenhanwang/.m2/repository/org/eclipse/jetty/jetty-websocket/8.1.12.v20130726/jetty-websocket-8.1.12.v20130726.jar:/Users/fenhanwang/.m2/repository/org/seleniumhq/selenium/selenium-firefox-driver/2.41.0/selenium-firefox-driver-2.41.0.jar:/Users/fenhanwang/.m2/repository/org/seleniumhq/selenium/selenium-ie-driver/2.41.0/selenium-ie-driver-2.41.0.jar:/Users/fenhanwang/.m2/repository/org/seleniumhq/selenium/selenium-safari-driver/2.41.0/selenium-safari-driver-2.41.0.jar:/Users/fenhanwang/.m2/repository/org/webbitserver/webbit/0.4.14/webbit-0.4.14.jar:/Users/fenhanwang/.m2/repository/io/netty/netty/3.5.2.Final/netty-3.5.2.Final.jar:/Users/fenhanwang/.m2/repository/org/seleniumhq/selenium/selenium-support/2.41.0/selenium-support-2.41.0.jar:"/>
    <property name="java.specification.name" value="Java Platform API Specification"/>
    <property name="java.class.version" value="50.0"/>
    <property name="sun.management.compiler" value="HotSpot 64-Bit Tiered Compilers"/>
    <property name="os.version" value="10.9.2"/>
    <property name="user.home" value="/Users/fenhanwang"/>
    <property name="user.timezone" value=""/>
    <property name="java.awt.printerjob" value="apple.awt.CPrinterJob"/>
    <property name="java.specification.version" value="1.6"/>
    <property name="file.encoding" value="MacRoman"/>
    <property name="user.name" value="fenhanwang"/>
    <property name="java.class.path" value="/Users/fenhanwang/Desktop/AOL/cdetsf135id/target/test-classes:/Users/fenhanwang/Desktop/AOL/cdetsf135id/target/classes:/Users/fenhanwang/.m2/repository/javax/servlet/servlet-api/2.4/servlet-api-2.4.jar:/Users/fenhanwang/.m2/repository/javax/servlet/jsp/jsp-api/2.1/jsp-api-2.1.jar:/Users/fenhanwang/.m2/repository/junit/junit/3.8/junit-3.8.jar:/Users/fenhanwang/.m2/repository/org/eclipse/jetty/jetty-server/8.1.14.v20131031/jetty-server-8.1.14.v20131031.jar:/Users/fenhanwang/.m2/repository/org/eclipse/jetty/orbit/javax.servlet/3.0.0.v201112011016/javax.servlet-3.0.0.v201112011016.jar:/Users/fenhanwang/.m2/repository/org/eclipse/jetty/jetty-continuation/8.1.14.v20131031/jetty-continuation-8.1.14.v20131031.jar:/Users/fenhanwang/.m2/repository/org/eclipse/jetty/jetty-http/8.1.14.v20131031/jetty-http-8.1.14.v20131031.jar:/Users/fenhanwang/.m2/repository/org/eclipse/jetty/jetty-io/8.1.14.v20131031/jetty-io-8.1.14.v20131031.jar:/Users/fenhanwang/.m2/repository/org/eclipse/jetty/jetty-util/8.1.14.v20131031/jetty-util-8.1.14.v20131031.jar:/Users/fenhanwang/.m2/repository/org/apache/httpcomponents/httpclient/4.3.3/httpclient-4.3.3.jar:/Users/fenhanwang/.m2/repository/org/apache/httpcomponents/httpcore/4.3.2/httpcore-4.3.2.jar:/Users/fenhanwang/.m2/repository/commons-logging/commons-logging/1.1.3/commons-logging-1.1.3.jar:/Users/fenhanwang/.m2/repository/commons-codec/commons-codec/1.6/commons-codec-1.6.jar:/Users/fenhanwang/.m2/repository/org/apache/httpcomponents/httpmime/4.0.1/httpmime-4.0.1.jar:/Users/fenhanwang/.m2/repository/org/apache/james/apache-mime4j/0.6/apache-mime4j-0.6.jar:/Users/fenhanwang/.m2/repository/org/jsoup/jsoup/1.7.3/jsoup-1.7.3.jar:/Users/fenhanwang/.m2/repository/org/seleniumhq/selenium/selenium-java/2.41.0/selenium-java-2.41.0.jar:/Users/fenhanwang/.m2/repository/org/seleniumhq/selenium/selenium-chrome-driver/2.41.0/selenium-chrome-driver-2.41.0.jar:/Users/fenhanwang/.m2/repository/org/seleniumhq/selenium/selenium-remote-driver/2.41.0/selenium-remote-driver-2.41.0.jar:/Users/fenhanwang/.m2/repository/cglib/cglib-nodep/2.1_3/cglib-nodep-2.1_3.jar:/Users/fenhanwang/.m2/repository/org/json/json/20080701/json-20080701.jar:/Users/fenhanwang/.m2/repository/org/seleniumhq/selenium/selenium-api/2.41.0/selenium-api-2.41.0.jar:/Users/fenhanwang/.m2/repository/com/google/guava/guava/15.0/guava-15.0.jar:/Users/fenhanwang/.m2/repository/org/apache/commons/commons-exec/1.1/commons-exec-1.1.jar:/Users/fenhanwang/.m2/repository/net/java/dev/jna/jna/3.4.0/jna-3.4.0.jar:/Users/fenhanwang/.m2/repository/net/java/dev/jna/platform/3.4.0/platform-3.4.0.jar:/Users/fenhanwang/.m2/repository/org/seleniumhq/selenium/selenium-htmlunit-driver/2.41.0/selenium-htmlunit-driver-2.41.0.jar:/Users/fenhanwang/.m2/repository/net/sourceforge/htmlunit/htmlunit/2.13/htmlunit-2.13.jar:/Users/fenhanwang/.m2/repository/xalan/xalan/2.7.1/xalan-2.7.1.jar:/Users/fenhanwang/.m2/repository/xalan/serializer/2.7.1/serializer-2.7.1.jar:/Users/fenhanwang/.m2/repository/xml-apis/xml-apis/1.4.01/xml-apis-1.4.01.jar:/Users/fenhanwang/.m2/repository/commons-collections/commons-collections/3.2.1/commons-collections-3.2.1.jar:/Users/fenhanwang/.m2/repository/org/apache/commons/commons-lang3/3.1/commons-lang3-3.1.jar:/Users/fenhanwang/.m2/repository/net/sourceforge/htmlunit/htmlunit-core-js/2.13/htmlunit-core-js-2.13.jar:/Users/fenhanwang/.m2/repository/xerces/xercesImpl/2.11.0/xercesImpl-2.11.0.jar:/Users/fenhanwang/.m2/repository/net/sourceforge/nekohtml/nekohtml/1.9.19/nekohtml-1.9.19.jar:/Users/fenhanwang/.m2/repository/net/sourceforge/cssparser/cssparser/0.9.11/cssparser-0.9.11.jar:/Users/fenhanwang/.m2/repository/org/w3c/css/sac/1.3/sac-1.3.jar:/Users/fenhanwang/.m2/repository/commons-io/commons-io/2.2/commons-io-2.2.jar:/Users/fenhanwang/.m2/repository/org/eclipse/jetty/jetty-websocket/8.1.12.v20130726/jetty-websocket-8.1.12.v20130726.jar:/Users/fenhanwang/.m2/repository/org/seleniumhq/selenium/selenium-firefox-driver/2.41.0/selenium-firefox-driver-2.41.0.jar:/Users/fenhanwang/.m2/repository/org/seleniumhq/selenium/selenium-ie-driver/2.41.0/selenium-ie-driver-2.41.0.jar:/Users/fenhanwang/.m2/repository/org/seleniumhq/selenium/selenium-safari-driver/2.41.0/selenium-safari-driver-2.41.0.jar:/Users/fenhanwang/.m2/repository/org/webbitserver/webbit/0.4.14/webbit-0.4.14.jar:/Users/fenhanwang/.m2/repository/io/netty/netty/3.5.2.Final/netty-3.5.2.Final.jar:/Users/fenhanwang/.m2/repository/org/seleniumhq/selenium/selenium-support/2.41.0/selenium-support-2.41.0.jar:"/>
    <property name="java.vm.specification.version" value="1.0"/>
    <property name="sun.arch.data.model" value="64"/>
    <property name="java.home" value="/System/Library/Java/JavaVirtualMachines/1.6.0.jdk/Contents/Home"/>
    <property name="sun.java.command" value="/var/folders/pd/kvc9m3bn2bj7jxywcybznj880000gn/T/surefirebooter6849815754018302925.jar /var/folders/pd/kvc9m3bn2bj7jxywcybznj880000gn/T/surefire1449170361472637795tmp /var/folders/pd/kvc9m3bn2bj7jxywcybznj880000gn/T/surefire8528547983569208409tmp"/>
    <property name="java.specification.vendor" value="Sun Microsystems Inc."/>
    <property name="user.language" value="en"/>
    <property name="awt.toolkit" value="apple.awt.CToolkit"/>
    <property name="java.vm.info" value="mixed mode"/>
    <property name="java.version" value="1.6.0_65"/>
    <property name="java.ext.dirs" value="/Library/Java/Extensions:/System/Library/Java/Extensions:/System/Library/Java/JavaVirtualMachines/1.6.0.jdk/Contents/Home/lib/ext"/>
    <property name="sun.boot.class.path" value="/System/Library/Java/JavaVirtualMachines/1.6.0.jdk/Contents/Classes/jsfd.jar:/System/Library/Java/JavaVirtualMachines/1.6.0.jdk/Contents/Classes/classes.jar:/System/Library/Frameworks/JavaVM.framework/Frameworks/JavaRuntimeSupport.framework/Resources/Java/JavaRuntimeSupport.jar:/System/Library/Java/JavaVirtualMachines/1.6.0.jdk/Contents/Classes/ui.jar:/System/Library/Java/JavaVirtualMachines/1.6.0.jdk/Contents/Classes/laf.jar:/System/Library/Java/JavaVirtualMachines/1.6.0.jdk/Contents/Classes/sunrsasign.jar:/System/Library/Java/JavaVirtualMachines/1.6.0.jdk/Contents/Classes/jsse.jar:/System/Library/Java/JavaVirtualMachines/1.6.0.jdk/Contents/Classes/jce.jar:/System/Library/Java/JavaVirtualMachines/1.6.0.jdk/Contents/Classes/charsets.jar"/>
    <property name="java.vendor" value="Apple Inc."/>
    <property name="localRepository" value="/Users/fenhanwang/.m2/repository"/>
    <property name="file.separator" value="/"/>
    <property name="java.vendor.url.bug" value="http://bugreport.apple.com/"/>
    <property name="sun.cpu.endian" value="little"/>
    <property name="sun.io.unicode.encoding" value="UnicodeLittle"/>
    <property name="mrj.version" value="1070.1.6.0_65-462"/>
    <property name="sun.cpu.isalist" value=""/>
  </properties>
  <testcase time="4.678" classname="com.fenhan.TestWebappSelenium" name="testSequence"/>
</testsuite>